01ff8000 A __itcm_start__
01ff8000 T _arm9ExceptionHandlerCommon
01ff804c T FIQHandler
01ff805c T undefinedInstructionHandler
01ff806c T prefetchAbortHandler
01ff80b8 t _prefetchAbortNormalHandler
01ff80c8 T dataAbortHandler
01ff8104 t _j_dataAbortNormalHandler
01ff8108 t _dataAbortNormalHandler
01ff8118 T safecpy
01ff8124 t _safecpy_loop
01ff8140 t _safecpy_loop_end
01ff8148 t _safecpy_end
01ff8150 T chainload
01ff815c T disableMpuAndJumpToEntrypoints
01ff81b4 0000019c T chainloader_main
01ff8350 000000cc t i2cStartTransfer
01ff841c 00000070 T I2C_init
01ff848c 00000094 T I2C_readRegBuf
01ff8520 000000b0 T I2C_writeRegBuf
01ff85d0 0000005c T I2C_readReg
01ff862c 00000024 T I2C_writeReg
01ff8650 0000005c t dumpArm9Memory.constprop.0
01ff86ac 00000284 T arm9ExceptionHandlerMain
01ff8930 T arm9ExceptionHandlerAddressTable
01ff8948 0000000c t CSWTCH.4
01ff8954 00000024 t i2cDevTable
01ff8980 A __itcm_bss_start__
01ff8980 B arm9ExceptionHandlerSvcBreakAddress
01ff8984 b _regs
01ff89e0 A __itcm_end__
01ffb800 A __itcm_stack_top__
08006000 A __start__
08006000 T _start
08006158 T _init
08006180 A __itcm_lma__
08006b00 T waitcycles
08006b08 t waitcycles_loop
08006b20 t .udivsi3_skip_div0_test
08006b20 T __aeabi_uidiv
08006b20 000000f4 T __udivsi3
08006c14 00000020 T __aeabi_uidivmod
08006c34 00000004 W __aeabi_idiv0
08006c34 00000004 W __aeabi_ldiv0
08006c38 T __aeabi_ldivmod
08006d0c T __aeabi_uldivmod
08006d48 00000028 T __clzdi2
08006d70 00000048 T __clzsi2
08006db8 00000224 T strcmp
08006fdc t __do_global_dtors_aux
0800701c t frame_dummy
0800704c 00000154 t parseDecIntOptionImpl
080071a0 00000084 t writeConfigMcu
08007224 00000278 t parseDecFloatOption
0800749c 000000d0 t parseHexIntOption.constprop.0
08007570 0000020c t encodedFloatToString.isra.0
0800777c 00000358 t saveLumaIniConfigToStr.constprop.0
08007ad8 00000c58 t configIniHandler
08008730 00000200 T readConfig
08008930 000000b8 T writeConfig
080089e8 000008bc T configMenu
080092a4 000000d0 t aes_advctr
08009374 00000064 t aes_change_ctrmode.constprop.0
080093d8 000001e4 t aes
080095bc 00000104 T sha
080096c0 000000f4 T ctrNandRead
080097b4 0000014c T ctrNandInit
08009900 00000118 T ctrNandWrite
08009a18 00000178 T decryptExeFs
08009b90 0000019c T decryptNusFirm
08009d2c 00000534 T setupKeyslots
0800a260 000002b0 T kernel9Loader
0800a510 00000078 T computePinHash
0800a588 00000120 t loadDeliverArg.part.0
0800a6a8 0000009c T commitDeliverArg
0800a744 00000048 T hasValidTlncAutobootParams
0800a78c 000001e4 T configureHomebrewAutoboot
0800a970 000000d8 T loadSplash
0800aa48 00000090 T drawCharacter
0800aad8 000000b8 T drawString
0800ab90 00000050 T drawFormattedString
0800abe0 00000210 T locateEmuNand
0800adf0 0000020c T patchEmuNand
0800affc 0000003c T installArm9Handlers
0800b038 00000760 T detectAndProcessExceptionDumps
0800b798 00000030 t overlaps
0800b7c8 00000018 t inRange
0800b7e0 00000208 t checkFirm
0800b9e8 00000104 t loadFirmFromStorage
0800baec 000002c8 t mergeSection0
0800bdb4 000002a0 T loadNintendoFirm
0800c054 00000110 T loadHomebrewFirm
0800c164 00000300 T patchNativeFirm
0800c464 000001a0 T patchTwlFirm
0800c604 000000fc T patchAgbFirm
0800c700 000001e4 T patch1x2xNativeAndSafeFirm
0800c8e4 00000028 T launchFirm
0800c90c 000002b4 t processNumber
0800cbc0 000005e8 T vsprintf
0800d1a8 0000002c T sprintf
0800d1d4 00000064 t switchToMainDir
0800d238 000000dc T mountFs
0800d314 00000084 T fileRead
0800d398 00000010 T getFileSize
0800d3a8 00000134 T fileWrite
0800d4dc 00000014 T fileDelete
0800d4f0 000001bc T fileCopy
0800d6ac 00000134 T findPayload
0800d7e0 00000324 T payloadMenu
0800db04 00000118 T firmRead
0800dc1c 00000084 T findDumpFile
0800dca0 000003c4 T doLumaUpgradeProcess
0800e064 00000064 t ini_reader_string
0800e0c8 00000080 t find_chars_or_comment
0800e148 000003a8 T ini_parse_stream
0800e4f0 00000040 T ini_parse_string
0800e530 00000be8 T main
0800f118 000000dc T memsearch
0800f1f4 00000028 T copyFromLegacyModeFcram
0800f21c 0000002c T copyToLegacyModeFcram
0800f248 00000064 T getProcess9Info
0800f2ac 000000f0 T getKernel11Info
0800f39c 00000328 T installK11Extension
0800f6c4 000002cc T patchKernel11
0800f990 00000074 T patchSignatureChecks
0800fa04 00000074 T patchOldSignatureChecks
0800fa78 000000dc T patchFirmlaunches
0800fb54 00000064 T patchFirmWrites
0800fbb8 0000003c T patchOldFirmWrites
0800fbf4 0000004c T patchTitleInstallMinVersionChecks
0800fc40 00000034 T patchZeroKeyNcchEncryptionCheck
0800fc74 00000034 T patchNandNcchEncryptionCheck
0800fca8 00000034 T patchCheckForDevCommonKey
0800fcdc 000000d4 T patchK11ModuleLoading
0800fdb0 0000010c T patchArm9ExceptionHandlersInstall
0800febc 00000088 T patchSvcBreak9
0800ff44 00000034 T patchKernel9Panic
0800ff78 00000040 T patchP9AccessChecks
0800ffb8 00000048 T patchUnitInfoValueSet
08010000 000000d8 T patchP9AMTicketWrapperZeroKeyIV
080100d8 00000048 T patchLgySignatureChecks
08010120 00000034 T patchTwlInvalidSignatureChecks
08010154 00000038 T patchTwlNintendoLogoChecks
0801018c 00000038 T patchTwlWhitelistChecks
080101c4 000000a0 T patchTwlFlashcartChecks
08010264 00000044 T patchOldTwlFlashcartChecks
080102a8 00000040 T patchTwlShaHashChecks
080102e8 00000030 T patchAgbBootSplash
08010318 00000274 T newPin
0801058c 000002f8 T verifyPin
08010884 00000030 T prepareArm11ForFirmlaunch
080108b4 00000048 T deinitScreens
080108fc 00000044 T updateBrightness
08010940 0000003c T swapFramebuffers
0801097c 00000058 T clearScreens
080109d4 0000020c T initScreens
08010be0 00000064 T hexAtoi
08010c44 00000048 T decAtoi
08010c8c 00000060 t startChrono.part.0
08010cec 00000060 T mcuPowerOff
08010d50 000000b0 T wait
08010e00 000002d8 T waitInput
080110d8 00000090 T error
08011168 000000c4 T crc16
0801122c 000000b4 T crc32
080112e0 00000008 T disk_status
080112e8 0000006c T disk_initialize
08011354 00000058 T disk_read
080113ac 0000006c T disk_write
08011418 00000010 T disk_ioctl
08011428 00000178 T get_fattime
080115a0 000000f0 t tchar2uni
08011690 000000fc t get_ldnumber
0801178c 00000060 t validate
080117ec 0000008c t sync_window
08011878 00000128 t put_utf
080119a0 00000280 t get_fileinfo
08011c20 000000a4 t dir_clear
08011cc4 00000168 t pattern_match
08011e2c 0000016c t sync_fs
08011f98 000000b8 t move_window
08012050 000001ac t put_fat.part.0
080121fc 00000138 t get_fat.isra.0
08012334 000000ec t remove_chain
08012420 000001f8 t create_chain
08012618 0000013c t dir_next
08012754 000001d4 t dir_read.constprop.0
08012928 00000120 t dir_sdi
08012a48 000000cc t dir_remove
08012b14 00000298 t dir_find
08012dac 000005a4 t follow_path
08013350 00000470 t dir_register
080137c0 000001cc t check_fs
0801398c 000004cc t mount_volume
08013e58 0000008c T f_mount
08013ee4 00000360 T f_open
08014244 00000268 T f_read
080144ac 000002c0 T f_write
0801476c 00000158 T f_sync
080148c4 0000003c T f_close
08014900 00000034 T f_chdrive
08014934 000000b8 T f_chdir
080149ec 000000e0 T f_opendir
08014acc 00000054 T f_closedir
08014b20 000000b4 T f_readdir
08014bd4 00000068 T f_findnext
08014c3c 00000030 T f_findfirst
08014c6c 00000184 T f_truncate
08014df0 00000138 T f_unlink
08014f28 00000260 T f_mkdir
08015188 00000078 T ff_uni2oem
08015200 00000040 T ff_oem2uni
08015240 00000140 T ff_wtoupper
08015380 000002a4 t sdmmc_send_command
08015624 00000098 t calcSDSize
080156bc 00000074 t inittarget
08015730 00000020 T getMMCDevice
08015750 0000008c T sdmmc_sdcard_writesectors
080157dc 0000008c T sdmmc_sdcard_readsectors
08015868 00000098 T sdmmc_nand_readsectors
08015900 00000098 T sdmmc_nand_writesectors
08015998 0000008c T sdmmc_get_cid
08015a24 00000550 T sdmmc_sdcard_init
08015f80 T alignedseqmemcpy
08015fe0 T flushEntireDCache
08015fe4 t outer_loop
08015fe8 t inner_loop
08016010 T flushDCacheRange
08016018 t flush_dcache_range_loop
08016034 T flushEntireICache
08016040 T flushICacheRange
08016048 t flush_icache_range_loop
0801605c 00000128 T __udivmoddi4
08016184 0000013c T strchr
080162c0 000000e0 T memcmp
080163a0 000000fc T memset
0801649c 00000094 T strlen
08016530 00000070 T strcasecmp
080165a0 000000d0 T strncpy
08016670 00000048 T strnlen
080166b8 000000f0 T strcpy
080167a8 00000114 T memcpy
080168bc 00000090 T __libc_init_array
0801694c 00000030 T strchrnul
0801697c T _fini
08016998 00000008 t __chainload_veneer
080169a0 00000008 t __I2C_readRegBuf_veneer
080169a8 00000008 t __I2C_writeReg_veneer
080169b0 00000008 t __I2C_init_veneer
080169b8 00000008 t __I2C_readReg_veneer
080169c0 00000008 t __I2C_writeRegBuf_veneer
080169e8 R config_template_ini
08018461 R config_template_ini_end
08018888 0000000c r CSWTCH.68
08019618 00000034 r optionsDescription.0
0801964c 0000001c r singleOptionsText.1
08019668 00000010 r bootTypes.2
08019678 00000018 r multiOptionsText.3
08019690 00000010 r pinOptionToDigits.4
080196a0 00000080 r keyNames
08019720 0000001c r singleOptionIniNamesBoot
08019760 00000020 r keyY0x2Fs.3
08019780 00000020 r keyX0x25s.4
080197a0 00000020 r key2s
080197c0 00000020 r key1s
080197e0 00000005 r appmemtypesO3ds.0
080197e8 00000005 r appmemtypesN3ds.1
08019810 00000800 r font
0801a010 00000004 r pattern.0
0801a014 00000004 r pattern.1
0801a018 00000004 r pattern.2
0801a01c 00000006 r pattern.3
0801a024 00000008 r roundedMinsizes.4
0801a460 00000048 r registerNames.1
0801a4a8 0000003c r faultStatusNames.2
0801a4e4 0000003c r faultStatusValues.3
0801a520 00000010 r handledExceptionNames.5
0801a7b0 0000000c r CSWTCH.128
0801a838 00000014 r cetkFiles.0
0801a84c 00000014 r firmwareFiles.2
0801a860 00000060 r hashes.3
0801aca8 00000028 r firmFolders.0
0801acd0 00000020 r boot11Sha256
0801acf0 00000020 r boot9Sha256
0801aef0 00000004 r pattern.0
0801aef4 00000004 r pattern.1
0801aef8 00000004 r pattern.2
0801aefc 00000004 r pattern.3
0801af00 00000004 r pattern.4
0801af04 00000004 r pattern.5
0801af08 00000004 r pattern.6
0801af0c 00000004 r pattern.7
0801af10 00000004 r pattern.8
0801af14 0000000c r __rt_memclr_pattern.9
0801af20 00000004 r pattern.10
0801af24 00000004 r pattern.11
0801af28 00000004 r pattern.12
0801af2c 00000004 r pattern.13
0801af30 00000004 r pattern.14
0801af34 00000004 r modulePidPattern.15
0801af38 00000004 r moduleLoadingPattern.16
0801af3c 00000004 r pattern.17
0801af40 00000004 r pattern.18
0801af44 00000004 r pattern.19
0801af48 00000004 r pattern.20
0801af4c 00000004 r pattern.21
0801af50 00000004 r pattern.22
0801af54 00000004 r pattern.23
0801af58 00000004 r pattern2.24
0801af5c 00000004 r pattern.25
0801af60 00000004 r pattern2.26
0801af64 00000004 r pattern.27
0801af68 0000000c r patternKThreadDebugReschedule.28
0801af74 00000004 r patternKPanic.29
0801af78 0000000c r patternHook3_4.30
0801af84 0000000c r patternHook2.31
0801af90 00000005 r patternHook1.32
0801af98 00000004 r pattern.33
0801b0dc 00000010 r brightness
0801b12c 00000080 r ExCvt
0801b1ac 0000000d r LfnOfs
0801b1bc 000000bc r cvt2.0
0801b278 000001f2 r cvt1.1
0801b46c 00000100 r uc437
0801b56c 00000101 R _ctype_
0801b670 d __frame_dummy_init_array_entry
0801b670 D __init_array_start
0801b670 D __preinit_array_end
0801b670 D __preinit_array_start
0801b674 d __do_global_dtors_aux_fini_array_entry
0801b674 D __init_array_end
0801b678 A __exidx_end
0801b678 A __exidx_start
0801b680 00000018 D fbs
0801b698 00000001 D needToSetupScreens
0801b69c 00000004 d sdmmcInitResult.0
0801b6a0 D emunandPatch
0801b6e0 d out
0801b6f8 D emunandPatchSdmmcStructPtr
0801b6fc D emunandPatchNandOffset
0801b700 D emunandPatchNcsdHeaderOffset
0801b704 d _emunandPatchEnd
0801b704 D emunandPatchSize
0801b710 D rebootPatch
0801b718 d pxi_wait_recv
0801b720 d readPxiLoop1
0801b7bc d goto_reboot
0801b7c8 d die
0801b7cc d memcpy16
0801b7d8 d copy_loop16
0801b7ec d panic
0801b7fc d kernel_func_displ
0801b800 d bytes_read
0801b804 D rebootPatchFopenPtr
0801b824 D rebootPatchFileName
0801b8c8 d kernelcode_start
0801b8f4 d copy_launch_stub
0801b8fc d load_section_loop
0801b94c d memcpy32
0801b950 d copy_loop32
0801b97c d copy_launch_stub_end
0801b97c d flushCaches
0801b980 d outer_loop
0801b984 d inner_loop
0801b9b0 d _rebootPatchEnd
0801b9b0 D rebootPatchSize
0801b9c0 A __bss_start__
0801b9c0 b completed.1
0801b9c4 b object.0
0801b9dc 00002000 b tmpIniBuffer
0801d9dc 00000001 b hasIniParseError
0801d9e0 00000006 b configDataMcu
0801d9e8 00000078 b oldConfig
0801da60 00000001 B needConfig
0801da68 00000078 B configData
0801dae0 00000001 B firmSource
0801dae4 00000004 b fatStart
0801dae8 00000001 b nandSlot
0801daec 00000010 b nandCtr
0801db00 00001000 b deliverArg.2
0801eb00 00000001 b deliverArgLoaded.3
0801eb04 00000004 b fatStart.5
0801eb08 00000200 b temp.6
0801ed08 00000004 b nandSize.7
0801ed0c 00000004 B emuHeader
0801ed10 00000004 B emuOffset
0801ed14 00000001 b nandInitialized.1
0801ed15 00000001 b sdInitialized.2
0801ed18 00010000 b fileCopyBuffer
0802ed18 00000238 b nandFs
0802ef50 00000238 b sdFs
0802f188 00000009 B mcuConsoleInfo
0802f192 00000002 B mcuFwVersion
0802f194 00000001 B bootType
0802f198 000000a2 B launchedPath
0802f23c 00000100 B launchedPathForFatfs
0802f33c 00000001 B isSdMode
0802f340 00000400 b lut.0
0802f740 00000001 b lutInitialized.1
0802f744 00000200 b lut.2
0802f944 00000001 b lutInitialized.3
0802f948 00000008 b dPadDelay.4
0802f950 00000001 b isChronoStarted.5
0802f951 00000001 b CurrVol
0802f952 00000002 b Fsid
0802f954 00000008 b FatFs
0802f95c 00000040 b handleSD
0802f99c 00000040 b handleNAND
0802f9e0 A __bss_end__
0802f9e0 A __end__
