         w __deregister_frame_info
         w __register_frame_info
00100000 A __start__
14000000 T _start
14000008 T __service_ptr
1400000c T __apt_appid
14000010 T __heap_size
14000014 T __linear_heap_size
14000018 T __system_arglist
1400001c T __system_runflags
14000020 t startup
14000058 t ClearMem
1400006c t ClrLoop
14000094 T _init
140000c8 00000390 T strcmp
14000450 t __do_global_dtors_aux
14000490 t frame_dummy
140004bc 0000004c t patcher::Bps::crc32(unsigned char const*, unsigned int)
14000508 00000014 t osGetMemRegionSize
1400051c 0000004c W patcher::Bps::Stream<unsigned char const>::ReadNumber()
14000568 00000074 W bool patcher::Bps::Stream<unsigned char>::CopyFrom<unsigned char const>(patcher::Bps::Stream<unsigned char const>&, unsigned int)
140005dc 0000015c W patcher::Bps::PatchApplier::HandleCommand()
14000738 00000308 T patcherApplyCodeBpsPatch
14000a40 000000bc T Ldr_Get3dsxSize
14000afc 000004c4 T Ldr_CodesetFrom3dsx
14000fc0 00000004 t panic.constprop.0
14000fc4 0000020c T hbldrPatchExHeaderInfo
140011d0 00000208 T hbldrLoadProcess
140013d8 00000104 T hbldrHandleCommands
140014dc 00000088 t IFile_Read.part.0
14001564 00000070 T IFile_Open
140015d4 00000008 T IFile_Close
140015dc 00000024 T IFile_GetSize
14001600 00000028 T IFile_Read
14001628 00000048 T IFile_ReadAt
14001670 00000054 T IFile_Read2
140016c4 000000bc t lzss_decompress.isra.0
14001780 00000004 t panic.isra.0
14001784 00000244 t GetProgramInfo
140019c8 0000081c T loaderHandleCommands
140021e4 00000004 t panic.isra.0
140021e8 00000008 T __wrap_exit
140021f0 000002c4 T initSystem
140024b4 0000005c T main
14002510 000000dc T memsearch
140025ec 00000070 T allocateProgramMemory
1400265c 00000070 t fileOpen.constprop.0
140026cc 0000007c T openSysmoduleCxi
14002748 00000060 T readSysmoduleCxiNcchHeader
140027a8 00000070 T readSysmoduleCxiExHeaderInfo
14002818 00000124 T readSysmoduleCxiCode
1400293c 00000114 T loadTitleCodeSection
14002a50 00000114 T loadTitleExheaderInfo
14002b64 0000196c T patchCode
140044d0 0000059c T ServiceManager_Run
14004a6c 00000038 T progIdToStr
14004aa4 0000000c T __sync_init
14004ab0 0000012c T srvInit
14004bdc 00000060 T srvEnableNotification
14004c3c 00000090 T srvRegisterService
14004ccc 00000058 T srvUnregisterService
14004d24 000000a0 T srvGetServiceHandleDirect
14004dc4 00000038 T srvGetServiceHandle
14004dfc 00000034 T srvSubscribe
14004e30 00000034 T srvUnsubscribe
14004e64 00000060 T srvReceiveNotification
14004ec4 00000074 T pxiPmInit
14004f38 00000048 T PXIPM_GetProgramInfo
14004f80 0000007c T PXIPM_RegisterProgram
14004ffc 00000038 T PXIPM_UnregisterProgram
14005034 0000000c T srvPmGetSessionHandle
14005040 00000074 T fsRegInit
140050b4 000000a0 T FSREG_Register
14005154 0000005c T FSREG_GetProgramInfo
140051b0 0000005c T FSREG_LoadProgram
1400520c 00000038 T FSREG_UnloadProgram
14005244 00000038 T FSREG_CheckHostLoadId
1400527c 00000084 T fsMakePath
14005300 0000000c T fsGetSessionHandle
1400530c 000000d4 T FSUSER_OpenFileDirectly
140053e0 000000b4 T FSUSER_OpenDirectory
14005494 00000094 T FSUSER_OpenArchive
14005528 0000008c T FSUSER_CloseArchive
140055b4 00000030 T FSUSER_InitializeWithSdkVersion
140055e4 00000048 T FSUSER_SetPriority
1400562c 00000058 T FSFILE_Read
14005684 00000038 T FSFILE_GetSize
140056bc 0000003c T FSFILE_Close
140056f8 0000003c T FSDIR_Close
14005734 000000c0 T utf8_to_utf16
140057f4 0000013c T decode_utf8
14005930 T svcControlMemory
14005950 T svcExitProcess
14005958 T svcSleepThread
14005960 T svcCreateAddressArbiter
14005974 T svcCloseHandle
1400597c T svcDuplicateHandle
14005990 T svcGetSystemInfo
140059a8 T svcConnectToPort
140059bc T svcSendSyncRequest
140059c4 T svcGetProcessId
140059d8 T svcBreak
140059e0 T svcCreatePort
14005a00 T svcAcceptSession
14005a18 T svcReplyAndReceive
14005a30 T svcCreateCodeSet
14005a4c T svcCreateProcess
14005a64 T svcKernelSetState
14005a6c 00000084 W envGetHandle
14005af0 00000054 T encode_utf16
14005b44 000000d8 T memcmp
14005c1c 00000150 T memmove
14005d6c 000000f4 T memset
14005e60 00000090 T strlen
14005ef0 000000c4 T strncpy
14005fb4 00000048 T strnlen
14005ffc 0000011c T memcpy
14006118 T _fini
14007058 r .LC1
14007080 00000040 r kernelCaps
140070c0 0000002c r dependencyListSafeFirmUids
140070ec 00000048 r dependencyListNativeFirmUids
14007134 00000110 r serviceList
14007244 0000000c r codeContentPath
14007258 00000008 r notifications
14007270 00000030 r services
140076d8 00000014 r updateRomFsMounts.0
140076ec 000002e8 r countries.1
140079d4 00000034 r languages.2
14007a08 00000020 r regions.3
14007a28 00000014 r paths.6
14007a3c 00000005 r pattern.8
14007a44 00000001 r pattern3.10
14007a48 0000000c r pattern2.11
14007a54 00000004 r pattern.13
14007a58 00000004 r pattern3.14
14007a5c 00000004 r pattern2.15
14007a60 00000004 r pattern.17
14007a64 00000008 r pattern.19
14007a6c 00000004 r pattern.21
14007a70 00000004 r pattern.22
14007a74 00000004 r pattern.23
14007a78 00000004 r pattern.25
14007a7c 00000006 r pattern.26
14007b20 00000010 r verStringsEmuSys.27
14007b30 00000010 r verStringsSysEmu.28
14007b40 00000014 r verStringsNands.29
14007b54 00000006 r pattern.31
14007b5c 00000004 r pattern.33
14007b60 00000011 r hexDigits.0
14007b8c R __tdata_align
14007b90 r __EH_FRAME_BEGIN__
14007b90 R __exidx_end
14007b90 R __exidx_start
14008000 d _mountArchive
14008000 D romfsRedirPatch
14008004 D romfsRedirPatchSubstituted1
14008008 D romfsRedirPatchHook1
1400800c d _fsRedir
14008010 D romfsRedirPatchSubstituted2
14008014 D romfsRedirPatchHook2
14008018 d mountArchive
1400805c d fsRedir
14008078 d pathRedir
14008084 d pathRedir_1
14008094 d pathRedir_2
140080a8 d pathRedir_3
140080cc d endRedir
140080dc d compare
140080e4 d loop
14008100 D romfsRedirPatchArchiveName
14008104 D romfsRedirPatchFsMountArchive
14008108 D romfsRedirPatchFsRegisterArchive
1400810c D romfsRedirPatchArchiveId
14008110 D romfsRedirPatchRomFsMount
14008114 D romfsRedirPatchUpdateRomFsMount
14008118 D romfsRedirPatchCustomPath
1400811c d _romfsRedirPatchEnd
1400811c D romfsRedirPatchSize
14008120 d __frame_dummy_init_array_entry
14008120 D __tdata_lma
14008120 D __tdata_lma_end
14008124 d __do_global_dtors_aux_fini_array_entry
14008128 D __bss_start__
14008128 b completed.1
1400812c b object.0
14008144 00000400 B ldrArgvBuf
14008544 00000800 b s_relocBuf
14008d44 00000200 b hbldrTarget
14008f44 00000200 b g_cached_sysmoduleCxiNcch
14009148 00000008 b g_cached_sysmoduleCxiCookie
14009150 00000018 b g_cached_sysmoduleCxiFile
14009168 00000400 b g_exheaderInfo
14009568 00000008 b g_cached_programHandle
14009570 00000400 b staticBufferForHbldr
14009970 00000001 B isSdMode
14009971 00000001 B isN3DS
14009974 00000004 B bootConfig
14009978 00000004 B multiConfig
1400997c 00000004 B config
14009980 00000001 b exists.4
14009984 00000004 b patch.30
14009988 00000004 b arbiter
1400998c 00000004 b srvRefCount
14009990 00000004 b srvHandle
14009994 00000004 b pxiPmRefCount
14009998 00000004 b pxiPmHandle
1400999c 00000004 b srvPmHandle
140099a0 00000004 b fsRegRefCount
140099a4 00000004 b fsRegHandle
140099a8 00000080 b fsExemptArchives
14009a28 00000004 b fsuHandle
14009a2c 00000004 B __system_argv
14009a30 00000004 B __system_argc
14009a34 B __bss_end__
14009a34 A __end__
14009a34 B __tls_end
14009a34 B __tls_start
